

Microchip MPLAB XC8 Assembler V2.05 build -831301201 
                                                                                               Thu Mar 07 08:42:09 2019

Microchip MPLAB XC8 C Compiler v2.05 (Free license) build 20181220022703 Og1 
     1                           	processor	16F887
     2                           	opt	pw 120
     3                           	opt	flic
     4                           	psect	nvBANK0,global,class=BANK0,space=1,delta=1
     5                           	psect	cinit,global,class=CODE,merge=1,delta=2
     6                           	psect	bssCOMMON,global,class=COMMON,space=1,delta=1
     7                           	psect	bssBANK0,global,class=BANK0,space=1,delta=1
     8                           	psect	cstackCOMMON,global,class=COMMON,space=1,delta=1
     9                           	psect	cstackBANK0,global,class=BANK0,space=1,delta=1
    10                           	psect	maintext,global,class=CODE,split=1,delta=2
    11                           	psect	text1,local,class=CODE,merge=1,delta=2
    12                           	psect	text2,local,class=CODE,merge=1,delta=2
    13                           	psect	text3,local,class=CODE,merge=1,delta=2
    14                           	psect	text4,local,class=CODE,merge=1,delta=2
    15                           	psect	intentry,global,class=CODE,delta=2
    16                           	dabs	1,0x7E,2
    17  0000                     
    18                           ; Version 2.05
    19                           ; Generated 20/12/2018 GMT
    20                           ; 
    21                           ; Copyright © 2018, Microchip Technology Inc. and its subsidiaries ("Microchip")
    22                           ; All rights reserved.
    23                           ; 
    24                           ; This software is developed by Microchip Technology Inc. and its subsidiaries ("Microch
      +                          ip").
    25                           ; 
    26                           ; Redistribution and use in source and binary forms, with or without modification, are
    27                           ; permitted provided that the following conditions are met:
    28                           ; 
    29                           ;     1. Redistributions of source code must retain the above copyright notice, this lis
      +                          t of
    30                           ;        conditions and the following disclaimer.
    31                           ; 
    32                           ;     2. Redistributions in binary form must reproduce the above copyright notice, this 
      +                          list
    33                           ;        of conditions and the following disclaimer in the documentation and/or other
    34                           ;        materials provided with the distribution.
    35                           ; 
    36                           ;     3. Microchip's name may not be used to endorse or promote products derived from th
      +                          is
    37                           ;        software without specific prior written permission.
    38                           ; 
    39                           ; THIS SOFTWARE IS PROVIDED BY MICROCHIP "AS IS" AND ANY EXPRESS OR IMPLIED WARRANTIES,
    40                           ; INCLUDING, BUT NOT LIMITED TO, THE IMPLIED WARRANTIES OF MERCHANTABILITY AND FITNESS F
      +                          OR
    41                           ; PURPOSE ARE DISCLAIMED.  IN NO EVENT SHALL MICROCHIP BE LIABLE FOR ANY DIRECT, INDIREC
      +                          T,
    42                           ; INCIDENTAL, SPECIAL, EXEMPLARY, OR CONSEQUENTIAL DAMAGES (INCLUDING BUT NOT LIMITED TO
    43                           ; PROCUREMENT OF SUBSTITUTE GOODS OR SERVICES; LOSS OF USE, DATA OR PROFITS; OR BUSINESS
    44                           ; INTERRUPTION) HOWSOEVER CAUSED AND ON ANY THEORY OF LIABILITY, WHETHER IN CONTRACT, ST
      +                          RICT
    45                           ; LIABILITY, OR TORT (INCLUDING NEGLIGENCE OR OTHERWISE) ARISING IN ANY WAY OUT OF THE U
      +                          SE OF
    46                           ; THIS SOFTWARE, EVEN IF ADVISED OF THE POSSIBILITY OF SUCH DAMAGE.
    47                           ; 
    48                           ; 
    49                           ; Code-generator required, PIC16F887 Definitions
    50                           ; 
    51                           ; SFR Addresses
    52  0000                     	;# 
    53  0001                     	;# 
    54  0002                     	;# 
    55  0003                     	;# 
    56  0004                     	;# 
    57  0005                     	;# 
    58  0006                     	;# 
    59  0007                     	;# 
    60  0008                     	;# 
    61  0009                     	;# 
    62  000A                     	;# 
    63  000B                     	;# 
    64  000C                     	;# 
    65  000D                     	;# 
    66  000E                     	;# 
    67  000E                     	;# 
    68  000F                     	;# 
    69  0010                     	;# 
    70  0011                     	;# 
    71  0012                     	;# 
    72  0013                     	;# 
    73  0014                     	;# 
    74  0015                     	;# 
    75  0015                     	;# 
    76  0016                     	;# 
    77  0017                     	;# 
    78  0018                     	;# 
    79  0019                     	;# 
    80  001A                     	;# 
    81  001B                     	;# 
    82  001B                     	;# 
    83  001C                     	;# 
    84  001D                     	;# 
    85  001E                     	;# 
    86  001F                     	;# 
    87  0081                     	;# 
    88  0085                     	;# 
    89  0086                     	;# 
    90  0087                     	;# 
    91  0088                     	;# 
    92  0089                     	;# 
    93  008C                     	;# 
    94  008D                     	;# 
    95  008E                     	;# 
    96  008F                     	;# 
    97  0090                     	;# 
    98  0091                     	;# 
    99  0092                     	;# 
   100  0093                     	;# 
   101  0093                     	;# 
   102  0093                     	;# 
   103  0094                     	;# 
   104  0095                     	;# 
   105  0096                     	;# 
   106  0097                     	;# 
   107  0098                     	;# 
   108  0099                     	;# 
   109  009A                     	;# 
   110  009B                     	;# 
   111  009C                     	;# 
   112  009D                     	;# 
   113  009E                     	;# 
   114  009F                     	;# 
   115  0105                     	;# 
   116  0107                     	;# 
   117  0108                     	;# 
   118  0109                     	;# 
   119  010C                     	;# 
   120  010C                     	;# 
   121  010D                     	;# 
   122  010E                     	;# 
   123  010F                     	;# 
   124  0185                     	;# 
   125  0187                     	;# 
   126  0188                     	;# 
   127  0189                     	;# 
   128  018C                     	;# 
   129  018D                     	;# 
   130  0000                     	;# 
   131  0001                     	;# 
   132  0002                     	;# 
   133  0003                     	;# 
   134  0004                     	;# 
   135  0005                     	;# 
   136  0006                     	;# 
   137  0007                     	;# 
   138  0008                     	;# 
   139  0009                     	;# 
   140  000A                     	;# 
   141  000B                     	;# 
   142  000C                     	;# 
   143  000D                     	;# 
   144  000E                     	;# 
   145  000E                     	;# 
   146  000F                     	;# 
   147  0010                     	;# 
   148  0011                     	;# 
   149  0012                     	;# 
   150  0013                     	;# 
   151  0014                     	;# 
   152  0015                     	;# 
   153  0015                     	;# 
   154  0016                     	;# 
   155  0017                     	;# 
   156  0018                     	;# 
   157  0019                     	;# 
   158  001A                     	;# 
   159  001B                     	;# 
   160  001B                     	;# 
   161  001C                     	;# 
   162  001D                     	;# 
   163  001E                     	;# 
   164  001F                     	;# 
   165  0081                     	;# 
   166  0085                     	;# 
   167  0086                     	;# 
   168  0087                     	;# 
   169  0088                     	;# 
   170  0089                     	;# 
   171  008C                     	;# 
   172  008D                     	;# 
   173  008E                     	;# 
   174  008F                     	;# 
   175  0090                     	;# 
   176  0091                     	;# 
   177  0092                     	;# 
   178  0093                     	;# 
   179  0093                     	;# 
   180  0093                     	;# 
   181  0094                     	;# 
   182  0095                     	;# 
   183  0096                     	;# 
   184  0097                     	;# 
   185  0098                     	;# 
   186  0099                     	;# 
   187  009A                     	;# 
   188  009B                     	;# 
   189  009C                     	;# 
   190  009D                     	;# 
   191  009E                     	;# 
   192  009F                     	;# 
   193  0105                     	;# 
   194  0107                     	;# 
   195  0108                     	;# 
   196  0109                     	;# 
   197  010C                     	;# 
   198  010C                     	;# 
   199  010D                     	;# 
   200  010E                     	;# 
   201  010F                     	;# 
   202  0185                     	;# 
   203  0187                     	;# 
   204  0188                     	;# 
   205  0189                     	;# 
   206  018C                     	;# 
   207  018D                     	;# 
   208                           
   209                           	psect	nvBANK0
   210  0026                     __pnvBANK0:	
   211  0026                     _val:	
   212  0026                     	ds	1
   213  0006                     _PORTB	set	6
   214  0005                     _PORTA	set	5
   215  0005                     _PORTAbits	set	5
   216  0014                     _SSPCONbits	set	20
   217  000C                     _PIR1bits	set	12
   218  0013                     _SSPBUF	set	19
   219  0014                     _SSPCON	set	20
   220  0063                     _SSPIF	set	99
   221  005E                     _PEIE	set	94
   222  005F                     _GIE	set	95
   223  0086                     _TRISB	set	134
   224  0085                     _TRISA	set	133
   225  008F                     _OSCCONbits	set	143
   226  0094                     _SSPSTATbits	set	148
   227  0091                     _SSPCON2bits	set	145
   228  0094                     _SSPSTAT	set	148
   229  0093                     _SSPADD	set	147
   230  0091                     _SSPCON2	set	145
   231  04A0                     _BF	set	1184
   232  0463                     _SSPIE	set	1123
   233  048B                     _RCEN	set	1163
   234  043C                     _TRISC4	set	1084
   235  043B                     _TRISC3	set	1083
   236  0189                     _ANSELH	set	393
   237  0188                     _ANSEL	set	392
   238                           
   239                           ; #config settings
   240  0000                     
   241                           	psect	cinit
   242  000F                     start_initialization:	
   243  000F                     __initialization:	
   244                           
   245                           ; Clear objects allocated to COMMON
   246  000F  01F7               	clrf	__pbssCOMMON& (0+127)
   247  0010  01F8               	clrf	(__pbssCOMMON+1)& (0+127)
   248  0011  01F9               	clrf	(__pbssCOMMON+2)& (0+127)
   249                           
   250                           ; Clear objects allocated to BANK0
   251  0012  1283               	bcf	3,5	;RP0=0, select bank0
   252  0013  1303               	bcf	3,6	;RP1=0, select bank0
   253  0014  01A7               	clrf	__pbssBANK0& (0+127)
   254  0015                     end_of_initialization:	
   255                           ;End of C runtime variable initialization code
   256                           
   257  0015                     __end_of__initialization:	
   258  0015  0183               	clrf	3
   259  0016  120A  118A  28F3   	ljmp	_main	;jump to C main() function
   260                           
   261                           	psect	bssCOMMON
   262  0077                     __pbssCOMMON:	
   263  0077                     _ADC:	
   264  0077                     	ds	1
   265  0078                     _key:	
   266  0078                     	ds	1
   267  0079                     _z:	
   268  0079                     	ds	1
   269                           
   270                           	psect	bssBANK0
   271  0027                     __pbssBANK0:	
   272  0027                     _cont:	
   273  0027                     	ds	1
   274                           
   275                           	psect	cstackCOMMON
   276  0070                     __pcstackCOMMON:	
   277  0070                     ?_system_init:	
   278  0070                     ?_full_drive:	
   279                           ; 1 bytes @ 0x0
   280                           
   281  0070                     ?_isr:	
   282                           ; 1 bytes @ 0x0
   283                           
   284  0070                     ??_isr:	
   285                           ; 1 bytes @ 0x0
   286                           
   287  0070                     ?_main:	
   288                           ; 1 bytes @ 0x0
   289                           
   290                           
   291                           ; 1 bytes @ 0x0
   292  0070                     	ds	3
   293  0073                     ??_system_init:	
   294  0073                     ?_delay:	
   295                           ; 1 bytes @ 0x3
   296                           
   297  0073                     delay@val:	
   298                           ; 1 bytes @ 0x3
   299                           
   300                           
   301                           ; 2 bytes @ 0x3
   302  0073                     	ds	2
   303  0075                     ??_full_drive:	
   304  0075                     ??_delay:	
   305                           ; 1 bytes @ 0x5
   306                           
   307  0075                     full_drive@direction:	
   308                           ; 1 bytes @ 0x5
   309                           
   310                           
   311                           ; 1 bytes @ 0x5
   312  0075                     	ds	1
   313  0076                     ??_main:	
   314                           
   315                           ; 1 bytes @ 0x6
   316  0076                     	ds	1
   317                           
   318                           	psect	cstackBANK0
   319  0020                     __pcstackBANK0:	
   320  0020                     delay@i:	
   321                           
   322                           ; 2 bytes @ 0x0
   323  0020                     	ds	2
   324  0022                     delay@j:	
   325                           
   326                           ; 2 bytes @ 0x2
   327  0022                     	ds	2
   328  0024                     main@i:	
   329                           
   330                           ; 2 bytes @ 0x4
   331  0024                     	ds	2
   332                           
   333                           	psect	maintext
   334  00F3                     __pmaintext:	
   335 ;;
   336 ;;Main: autosize = 0, tempsize = 1, incstack = 0, save=0
   337 ;;
   338 ;; *************** function _main *****************
   339 ;; Defined at:
   340 ;;		line 87 in file "mainTrip.c"
   341 ;; Parameters:    Size  Location     Type
   342 ;;		None
   343 ;; Auto vars:     Size  Location     Type
   344 ;;  i               2    4[BANK0 ] int 
   345 ;; Return value:  Size  Location     Type
   346 ;;                  1    wreg      void 
   347 ;; Registers used:
   348 ;;		wreg, status,2, status,0, btemp+1, pclath, cstack
   349 ;; Tracked objects:
   350 ;;		On entry : B00/0
   351 ;;		On exit  : 0/0
   352 ;;		Unchanged: 0/0
   353 ;; Data sizes:     COMMON   BANK0   BANK1   BANK3   BANK2
   354 ;;      Params:         0       0       0       0       0
   355 ;;      Locals:         0       2       0       0       0
   356 ;;      Temps:          1       0       0       0       0
   357 ;;      Totals:         1       2       0       0       0
   358 ;;Total ram usage:        3 bytes
   359 ;; Hardware stack levels required when called:    3
   360 ;; This function calls:
   361 ;;		_full_drive
   362 ;;		_system_init
   363 ;; This function is called by:
   364 ;;		Startup code after reset
   365 ;; This function uses a non-reentrant model
   366 ;;
   367                           
   368                           
   369                           ;psect for function _main
   370  00F3                     _main:	
   371                           
   372                           ;mainTrip.c: 89:     OSCCONbits.IRCF0 = 1;
   373                           
   374                           ;incstack = 0
   375                           ; Regs used in _main: [wreg+status,2+status,0+btemp+1+pclath+cstack]
   376  00F3  1683               	bsf	3,5	;RP0=1, select bank1
   377  00F4  1303               	bcf	3,6	;RP1=0, select bank1
   378  00F5  160F               	bsf	15,4	;volatile
   379                           
   380                           ;mainTrip.c: 90:     OSCCONbits.IRCF1 = 1;
   381  00F6  168F               	bsf	15,5	;volatile
   382                           
   383                           ;mainTrip.c: 91:     OSCCONbits.IRCF2 = 1;
   384  00F7  170F               	bsf	15,6	;volatile
   385                           
   386                           ;mainTrip.c: 92:     OSCCONbits.SCS = 1;
   387  00F8  140F               	bsf	15,0	;volatile
   388                           
   389                           ;mainTrip.c: 96:     PORTA = 0;
   390  00F9  1283               	bcf	3,5	;RP0=0, select bank0
   391  00FA  1303               	bcf	3,6	;RP1=0, select bank0
   392  00FB  0185               	clrf	5	;volatile
   393                           
   394                           ;mainTrip.c: 97:     PORTB = 0;
   395  00FC  0186               	clrf	6	;volatile
   396                           
   397                           ;mainTrip.c: 99:     TRISA = 0;
   398  00FD  1683               	bsf	3,5	;RP0=1, select bank1
   399  00FE  1303               	bcf	3,6	;RP1=0, select bank1
   400  00FF  0185               	clrf	5	;volatile
   401                           
   402                           ;mainTrip.c: 100:     TRISB = 0x02;
   403  0100  3002               	movlw	2
   404  0101  0086               	movwf	6	;volatile
   405                           
   406                           ;mainTrip.c: 101:     ANSEL = 0;
   407  0102  1683               	bsf	3,5	;RP0=1, select bank3
   408  0103  1703               	bsf	3,6	;RP1=1, select bank3
   409  0104  0188               	clrf	8	;volatile
   410                           
   411                           ;mainTrip.c: 102:     ANSELH = 0;
   412  0105  0189               	clrf	9	;volatile
   413                           
   414                           ;mainTrip.c: 104:     system_init();
   415  0106  120A  118A  2156  120A  118A  	fcall	_system_init
   416                           
   417                           ;mainTrip.c: 105:     val = 1;
   418  010B  1283               	bcf	3,5	;RP0=0, select bank0
   419  010C  1303               	bcf	3,6	;RP1=0, select bank0
   420  010D  01A6               	clrf	_val
   421  010E  0AA6               	incf	_val,f
   422  010F                     l1078:	
   423                           
   424                           ;mainTrip.c: 119:         if (val == 1){
   425  010F  0326               	decf	_val,w
   426  0110  1D03               	btfss	3,2
   427  0111  290F               	goto	l1078
   428                           
   429                           ;mainTrip.c: 120:             for(int i=0;i<1000;i++){
   430  0112  01A4               	clrf	main@i
   431  0113  01A5               	clrf	main@i+1
   432  0114                     l1086:	
   433                           
   434                           ;mainTrip.c: 121:                 full_drive(0);
   435  0114  3000               	movlw	0
   436  0115  120A  118A  2019  120A  118A  	fcall	_full_drive
   437                           
   438                           ;mainTrip.c: 122:             }
   439  011A  3001               	movlw	1
   440  011B  1283               	bcf	3,5	;RP0=0, select bank0
   441  011C  1303               	bcf	3,6	;RP1=0, select bank0
   442  011D  07A4               	addwf	main@i,f
   443  011E  1803               	skipnc
   444  011F  0AA5               	incf	main@i+1,f
   445  0120  3000               	movlw	0
   446  0121  07A5               	addwf	main@i+1,f
   447  0122  0825               	movf	main@i+1,w
   448  0123  3A80               	xorlw	128
   449  0124  00FF               	movwf	127
   450  0125  3083               	movlw	131
   451  0126  027F               	subwf	127,w
   452  0127  1D03               	skipz
   453  0128  292B               	goto	u405
   454  0129  30E8               	movlw	232
   455  012A  0224               	subwf	main@i,w
   456  012B                     u405:	
   457  012B  1C03               	skipc
   458  012C  2914               	goto	l1086
   459                           
   460                           ;mainTrip.c: 123:             val = 2;
   461  012D  3002               	movlw	2
   462  012E  00F6               	movwf	??_main
   463  012F  0876               	movf	??_main,w
   464  0130  1283               	bcf	3,5	;RP0=0, select bank0
   465  0131  1303               	bcf	3,6	;RP1=0, select bank0
   466  0132  00A6               	movwf	_val
   467  0133  290F               	goto	l1078
   468  0134                     __end_of_main:	
   469                           
   470                           	psect	text1
   471  0156                     __ptext1:	
   472 ;; *************** function _system_init *****************
   473 ;; Defined at:
   474 ;;		line 128 in file "mainTrip.c"
   475 ;; Parameters:    Size  Location     Type
   476 ;;		None
   477 ;; Auto vars:     Size  Location     Type
   478 ;;		None
   479 ;; Return value:  Size  Location     Type
   480 ;;                  1    wreg      void 
   481 ;; Registers used:
   482 ;;		wreg, status,2
   483 ;; Tracked objects:
   484 ;;		On entry : 0/0
   485 ;;		On exit  : 0/0
   486 ;;		Unchanged: 0/0
   487 ;; Data sizes:     COMMON   BANK0   BANK1   BANK3   BANK2
   488 ;;      Params:         0       0       0       0       0
   489 ;;      Locals:         0       0       0       0       0
   490 ;;      Temps:          0       0       0       0       0
   491 ;;      Totals:         0       0       0       0       0
   492 ;;Total ram usage:        0 bytes
   493 ;; Hardware stack levels used:    1
   494 ;; Hardware stack levels required when called:    1
   495 ;; This function calls:
   496 ;;		Nothing
   497 ;; This function is called by:
   498 ;;		_main
   499 ;; This function uses a non-reentrant model
   500 ;;
   501                           
   502                           
   503                           ;psect for function _system_init
   504  0156                     _system_init:	
   505                           
   506                           ;mainTrip.c: 129:     ANSELH = 0;
   507                           
   508                           ;incstack = 0
   509                           ; Regs used in _system_init: [wreg+status,2]
   510  0156  1683               	bsf	3,5	;RP0=1, select bank3
   511  0157  1703               	bsf	3,6	;RP1=1, select bank3
   512  0158  0189               	clrf	9	;volatile
   513                           
   514                           ;mainTrip.c: 130:     TRISB = 0x00;
   515  0159  1683               	bsf	3,5	;RP0=1, select bank1
   516  015A  1303               	bcf	3,6	;RP1=0, select bank1
   517  015B  0186               	clrf	6	;volatile
   518                           
   519                           ;mainTrip.c: 131:     PORTB = 0x0F;
   520  015C  300F               	movlw	15
   521  015D  1283               	bcf	3,5	;RP0=0, select bank0
   522  015E  1303               	bcf	3,6	;RP1=0, select bank0
   523  015F  0086               	movwf	6	;volatile
   524  0160  0008               	return
   525  0161                     __end_of_system_init:	
   526                           
   527                           	psect	text2
   528  0019                     __ptext2:	
   529 ;; *************** function _full_drive *****************
   530 ;; Defined at:
   531 ;;		line 134 in file "mainTrip.c"
   532 ;; Parameters:    Size  Location     Type
   533 ;;  direction       1    wreg     unsigned char 
   534 ;; Auto vars:     Size  Location     Type
   535 ;;  direction       1    5[COMMON] unsigned char 
   536 ;; Return value:  Size  Location     Type
   537 ;;                  1    wreg      void 
   538 ;; Registers used:
   539 ;;		wreg, status,2, status,0, pclath, cstack
   540 ;; Tracked objects:
   541 ;;		On entry : 0/0
   542 ;;		On exit  : 0/0
   543 ;;		Unchanged: 0/0
   544 ;; Data sizes:     COMMON   BANK0   BANK1   BANK3   BANK2
   545 ;;      Params:         0       0       0       0       0
   546 ;;      Locals:         1       0       0       0       0
   547 ;;      Temps:          0       0       0       0       0
   548 ;;      Totals:         1       0       0       0       0
   549 ;;Total ram usage:        1 bytes
   550 ;; Hardware stack levels used:    1
   551 ;; Hardware stack levels required when called:    2
   552 ;; This function calls:
   553 ;;		_delay
   554 ;; This function is called by:
   555 ;;		_main
   556 ;; This function uses a non-reentrant model
   557 ;;
   558                           
   559                           
   560                           ;psect for function _full_drive
   561  0019                     _full_drive:	
   562                           
   563                           ;incstack = 0
   564                           ; Regs used in _full_drive: [wreg+status,2+status,0+pclath+cstack]
   565                           ;full_drive@direction stored from wreg
   566  0019  00F5               	movwf	full_drive@direction
   567                           
   568                           ;mainTrip.c: 135:     if (direction == 1){
   569  001A  0375               	decf	full_drive@direction,w
   570  001B  1D03               	btfss	3,2
   571  001C  285E               	goto	l1048
   572                           
   573                           ;mainTrip.c: 136:         PORTB = 0b00000011;
   574  001D  3003               	movlw	3
   575  001E  1283               	bcf	3,5	;RP0=0, select bank0
   576  001F  1303               	bcf	3,6	;RP1=0, select bank0
   577  0020  0086               	movwf	6	;volatile
   578                           
   579                           ;mainTrip.c: 137:         delay(1);
   580  0021  3001               	movlw	1
   581  0022  00F3               	movwf	delay@val
   582  0023  3000               	movlw	0
   583  0024  00F4               	movwf	delay@val+1
   584  0025  120A  118A  2134  120A  118A  	fcall	_delay
   585                           
   586                           ;mainTrip.c: 138:         PORTB = 0b00000110;
   587  002A  3006               	movlw	6
   588  002B  1283               	bcf	3,5	;RP0=0, select bank0
   589  002C  1303               	bcf	3,6	;RP1=0, select bank0
   590  002D  0086               	movwf	6	;volatile
   591                           
   592                           ;mainTrip.c: 139:         delay(1);
   593  002E  3001               	movlw	1
   594  002F  00F3               	movwf	delay@val
   595  0030  3000               	movlw	0
   596  0031  00F4               	movwf	delay@val+1
   597  0032  120A  118A  2134  120A  118A  	fcall	_delay
   598                           
   599                           ;mainTrip.c: 140:         PORTB = 0b00001100;
   600  0037  300C               	movlw	12
   601  0038  1283               	bcf	3,5	;RP0=0, select bank0
   602  0039  1303               	bcf	3,6	;RP1=0, select bank0
   603  003A  0086               	movwf	6	;volatile
   604                           
   605                           ;mainTrip.c: 141:         delay(1);
   606  003B  3001               	movlw	1
   607  003C  00F3               	movwf	delay@val
   608  003D  3000               	movlw	0
   609  003E  00F4               	movwf	delay@val+1
   610  003F  120A  118A  2134  120A  118A  	fcall	_delay
   611                           
   612                           ;mainTrip.c: 142:         PORTB = 0b00001001;
   613  0044  3009               	movlw	9
   614  0045  1283               	bcf	3,5	;RP0=0, select bank0
   615  0046  1303               	bcf	3,6	;RP1=0, select bank0
   616  0047  0086               	movwf	6	;volatile
   617                           
   618                           ;mainTrip.c: 143:         delay(1);
   619  0048  3001               	movlw	1
   620  0049  00F3               	movwf	delay@val
   621  004A  3000               	movlw	0
   622  004B  00F4               	movwf	delay@val+1
   623  004C  120A  118A  2134  120A  118A  	fcall	_delay
   624                           
   625                           ;mainTrip.c: 144:         PORTB = 0b00000011;
   626  0051  3003               	movlw	3
   627  0052  1283               	bcf	3,5	;RP0=0, select bank0
   628  0053  1303               	bcf	3,6	;RP1=0, select bank0
   629  0054  0086               	movwf	6	;volatile
   630                           
   631                           ;mainTrip.c: 145:         delay(1);
   632  0055  3001               	movlw	1
   633  0056  00F3               	movwf	delay@val
   634  0057  3000               	movlw	0
   635  0058  00F4               	movwf	delay@val+1
   636  0059  120A  118A  2134  120A  118A  	fcall	_delay
   637  005E                     l1048:	
   638                           
   639                           ;mainTrip.c: 147:     if (direction == 0){
   640  005E  0875               	movf	full_drive@direction,w
   641  005F  1D03               	btfss	3,2
   642  0060  0008               	return
   643                           
   644                           ;mainTrip.c: 148:         PORTB = 0b00001001;
   645  0061  3009               	movlw	9
   646  0062  1283               	bcf	3,5	;RP0=0, select bank0
   647  0063  1303               	bcf	3,6	;RP1=0, select bank0
   648  0064  0086               	movwf	6	;volatile
   649                           
   650                           ;mainTrip.c: 149:         delay(1);
   651  0065  3001               	movlw	1
   652  0066  00F3               	movwf	delay@val
   653  0067  3000               	movlw	0
   654  0068  00F4               	movwf	delay@val+1
   655  0069  120A  118A  2134  120A  118A  	fcall	_delay
   656                           
   657                           ;mainTrip.c: 150:         PORTB = 0b00001100;
   658  006E  300C               	movlw	12
   659  006F  1283               	bcf	3,5	;RP0=0, select bank0
   660  0070  1303               	bcf	3,6	;RP1=0, select bank0
   661  0071  0086               	movwf	6	;volatile
   662                           
   663                           ;mainTrip.c: 151:         delay(1);
   664  0072  3001               	movlw	1
   665  0073  00F3               	movwf	delay@val
   666  0074  3000               	movlw	0
   667  0075  00F4               	movwf	delay@val+1
   668  0076  120A  118A  2134  120A  118A  	fcall	_delay
   669                           
   670                           ;mainTrip.c: 152:         PORTB = 0b00000110;
   671  007B  3006               	movlw	6
   672  007C  1283               	bcf	3,5	;RP0=0, select bank0
   673  007D  1303               	bcf	3,6	;RP1=0, select bank0
   674  007E  0086               	movwf	6	;volatile
   675                           
   676                           ;mainTrip.c: 153:         delay(1);
   677  007F  3001               	movlw	1
   678  0080  00F3               	movwf	delay@val
   679  0081  3000               	movlw	0
   680  0082  00F4               	movwf	delay@val+1
   681  0083  120A  118A  2134  120A  118A  	fcall	_delay
   682                           
   683                           ;mainTrip.c: 154:         PORTB = 0b00000011;
   684  0088  3003               	movlw	3
   685  0089  1283               	bcf	3,5	;RP0=0, select bank0
   686  008A  1303               	bcf	3,6	;RP1=0, select bank0
   687  008B  0086               	movwf	6	;volatile
   688                           
   689                           ;mainTrip.c: 155:         delay(1);
   690  008C  3001               	movlw	1
   691  008D  00F3               	movwf	delay@val
   692  008E  3000               	movlw	0
   693  008F  00F4               	movwf	delay@val+1
   694  0090  120A  118A  2134  120A  118A  	fcall	_delay
   695                           
   696                           ;mainTrip.c: 156:         PORTB = 0b00001001;
   697  0095  3009               	movlw	9
   698  0096  1283               	bcf	3,5	;RP0=0, select bank0
   699  0097  1303               	bcf	3,6	;RP1=0, select bank0
   700  0098  0086               	movwf	6	;volatile
   701                           
   702                           ;mainTrip.c: 157:         delay(1);
   703  0099  3001               	movlw	1
   704  009A  00F3               	movwf	delay@val
   705  009B  3000               	movlw	0
   706  009C  00F4               	movwf	delay@val+1
   707  009D  120A  118A  2134   	fcall	_delay
   708  00A0  0008               	return
   709  00A1                     __end_of_full_drive:	
   710                           
   711                           	psect	text3
   712  0134                     __ptext3:	
   713 ;; *************** function _delay *****************
   714 ;; Defined at:
   715 ;;		line 162 in file "mainTrip.c"
   716 ;; Parameters:    Size  Location     Type
   717 ;;  val             2    3[COMMON] unsigned int 
   718 ;; Auto vars:     Size  Location     Type
   719 ;;  j               2    2[BANK0 ] unsigned int 
   720 ;;  i               2    0[BANK0 ] unsigned int 
   721 ;; Return value:  Size  Location     Type
   722 ;;                  1    wreg      void 
   723 ;; Registers used:
   724 ;;		wreg, status,2
   725 ;; Tracked objects:
   726 ;;		On entry : 0/0
   727 ;;		On exit  : 0/0
   728 ;;		Unchanged: 0/0
   729 ;; Data sizes:     COMMON   BANK0   BANK1   BANK3   BANK2
   730 ;;      Params:         2       0       0       0       0
   731 ;;      Locals:         0       4       0       0       0
   732 ;;      Temps:          0       0       0       0       0
   733 ;;      Totals:         2       4       0       0       0
   734 ;;Total ram usage:        6 bytes
   735 ;; Hardware stack levels used:    1
   736 ;; Hardware stack levels required when called:    1
   737 ;; This function calls:
   738 ;;		Nothing
   739 ;; This function is called by:
   740 ;;		_full_drive
   741 ;; This function uses a non-reentrant model
   742 ;;
   743                           
   744                           
   745                           ;psect for function _delay
   746  0134                     _delay:	
   747                           
   748                           ;mainTrip.c: 162: void delay(unsigned int val);mainTrip.c: 163: {;mainTrip.c: 164:      
      +                          unsigned int i,j;;mainTrip.c: 165:         for(i=0;i<val;i++)
   749                           
   750                           ;incstack = 0
   751                           ; Regs used in _delay: [wreg+status,2]
   752  0134  1283               	bcf	3,5	;RP0=0, select bank0
   753  0135  1303               	bcf	3,6	;RP1=0, select bank0
   754  0136  01A0               	clrf	delay@i
   755  0137  01A1               	clrf	delay@i+1
   756  0138                     l137:	
   757  0138  0874               	movf	delay@val+1,w
   758  0139  0221               	subwf	delay@i+1,w
   759  013A  1D03               	skipz
   760  013B  293E               	goto	u365
   761  013C  0873               	movf	delay@val,w
   762  013D  0220               	subwf	delay@i,w
   763  013E                     u365:	
   764  013E  1803               	btfsc	3,0
   765  013F  0008               	return
   766                           
   767                           ;mainTrip.c: 166:             for(j=0;j<250;j++);
   768  0140  01A2               	clrf	delay@j
   769  0141  01A3               	clrf	delay@j+1
   770  0142                     l1028:	
   771  0142  3001               	movlw	1
   772  0143  07A2               	addwf	delay@j,f
   773  0144  1803               	skipnc
   774  0145  0AA3               	incf	delay@j+1,f
   775  0146  3000               	movlw	0
   776  0147  07A3               	addwf	delay@j+1,f
   777  0148  3000               	movlw	0
   778  0149  0223               	subwf	delay@j+1,w
   779  014A  30FA               	movlw	250
   780  014B  1903               	skipnz
   781  014C  0222               	subwf	delay@j,w
   782  014D  1C03               	skipc
   783  014E  2942               	goto	l1028
   784  014F  3001               	movlw	1
   785  0150  07A0               	addwf	delay@i,f
   786  0151  1803               	skipnc
   787  0152  0AA1               	incf	delay@i+1,f
   788  0153  3000               	movlw	0
   789  0154  07A1               	addwf	delay@i+1,f
   790  0155  2938               	goto	l137
   791  0156                     __end_of_delay:	
   792                           
   793                           	psect	text4
   794  00A1                     __ptext4:	
   795 ;; *************** function _isr *****************
   796 ;; Defined at:
   797 ;;		line 51 in file "mainTrip.c"
   798 ;; Parameters:    Size  Location     Type
   799 ;;		None
   800 ;; Auto vars:     Size  Location     Type
   801 ;;		None
   802 ;; Return value:  Size  Location     Type
   803 ;;                  1    wreg      void 
   804 ;; Registers used:
   805 ;;		wreg
   806 ;; Tracked objects:
   807 ;;		On entry : 0/0
   808 ;;		On exit  : 0/0
   809 ;;		Unchanged: 0/0
   810 ;; Data sizes:     COMMON   BANK0   BANK1   BANK3   BANK2
   811 ;;      Params:         0       0       0       0       0
   812 ;;      Locals:         0       0       0       0       0
   813 ;;      Temps:          3       0       0       0       0
   814 ;;      Totals:         3       0       0       0       0
   815 ;;Total ram usage:        3 bytes
   816 ;; Hardware stack levels used:    1
   817 ;; This function calls:
   818 ;;		Nothing
   819 ;; This function is called by:
   820 ;;		Interrupt level 1
   821 ;; This function uses a non-reentrant model
   822 ;;
   823                           
   824                           
   825                           ;psect for function _isr
   826  00A1                     _isr:	
   827                           
   828                           ;mainTrip.c: 52:     if(PIR1bits.SSPIF == 1){
   829  00A1  1283               	bcf	3,5	;RP0=0, select bank0
   830  00A2  1303               	bcf	3,6	;RP1=0, select bank0
   831  00A3  1D8C               	btfss	12,3	;volatile
   832  00A4  28EC               	goto	i1l115
   833                           
   834                           ;mainTrip.c: 54:         SSPCONbits.CKP = 0;
   835  00A5  1214               	bcf	20,4	;volatile
   836                           
   837                           ;mainTrip.c: 56:         if ((SSPCONbits.SSPOV) || (SSPCONbits.WCOL)){
   838  00A6  1B14               	btfsc	20,6	;volatile
   839  00A7  28AA               	goto	i1l960
   840  00A8  1F94               	btfss	20,7	;volatile
   841  00A9  28B1               	goto	i1l968
   842  00AA                     i1l960:	
   843                           
   844                           ;mainTrip.c: 57:             z = SSPBUF;
   845  00AA  0813               	movf	19,w	;volatile
   846  00AB  00F0               	movwf	??_isr
   847  00AC  0870               	movf	??_isr,w
   848  00AD  00F9               	movwf	_z
   849                           
   850                           ;mainTrip.c: 58:             SSPCONbits.SSPOV = 0;
   851  00AE  1314               	bcf	20,6	;volatile
   852                           
   853                           ;mainTrip.c: 59:             SSPCONbits.WCOL = 0;
   854  00AF  1394               	bcf	20,7	;volatile
   855                           
   856                           ;mainTrip.c: 60:             SSPCONbits.CKP = 1;
   857  00B0  1614               	bsf	20,4	;volatile
   858  00B1                     i1l968:	
   859                           
   860                           ;mainTrip.c: 63:         if(!SSPSTATbits.D_nA && !SSPSTATbits.R_nW) {
   861  00B1  1683               	bsf	3,5	;RP0=1, select bank1
   862  00B2  1303               	bcf	3,6	;RP1=0, select bank1
   863  00B3  1E94               	btfss	20,5	;volatile
   864  00B4  1914               	btfsc	20,2	;volatile
   865  00B5  28CE               	goto	i1l106
   866                           
   867                           ;mainTrip.c: 65:             z = SSPBUF;
   868  00B6  1283               	bcf	3,5	;RP0=0, select bank0
   869  00B7  1303               	bcf	3,6	;RP1=0, select bank0
   870  00B8  0813               	movf	19,w	;volatile
   871  00B9  00F0               	movwf	??_isr
   872  00BA  0870               	movf	??_isr,w
   873  00BB  00F9               	movwf	_z
   874                           
   875                           ;mainTrip.c: 67:             PIR1bits.SSPIF = 0;
   876  00BC  118C               	bcf	12,3	;volatile
   877                           
   878                           ;mainTrip.c: 68:             SSPCONbits.CKP = 1;
   879  00BD  1614               	bsf	20,4	;volatile
   880  00BE                     i1l107:	
   881                           ;mainTrip.c: 69:             while(!SSPSTATbits.BF);
   882                           
   883  00BE  1683               	bsf	3,5	;RP0=1, select bank1
   884  00BF  1303               	bcf	3,6	;RP1=0, select bank1
   885  00C0  1C14               	btfss	20,0	;volatile
   886  00C1  28BE               	goto	i1l107
   887                           
   888                           ;mainTrip.c: 70:             val = SSPBUF;
   889  00C2  1283               	bcf	3,5	;RP0=0, select bank0
   890  00C3  1303               	bcf	3,6	;RP1=0, select bank0
   891  00C4  0813               	movf	19,w	;volatile
   892  00C5  00F0               	movwf	??_isr
   893  00C6  0870               	movf	??_isr,w
   894  00C7  00A6               	movwf	_val
   895                           
   896                           ;mainTrip.c: 71:             _delay((unsigned long)((250)*(8000000/4000000.0)));
   897  00C8  30A6               	movlw	166
   898  00C9  00F0               	movwf	??_isr
   899  00CA                     u41_27:	
   900  00CA  0BF0               	decfsz	??_isr,f
   901  00CB  28CA               	goto	u41_27
   902  00CC  0000               	nop
   903                           
   904                           ;mainTrip.c: 73:         }else if(!SSPSTATbits.D_nA && SSPSTATbits.R_nW){
   905  00CD  28E9               	goto	i1l110
   906  00CE                     i1l106:	
   907  00CE  1E94               	btfss	20,5	;volatile
   908  00CF  1D14               	btfss	20,2	;volatile
   909  00D0  28E9               	goto	i1l110
   910                           
   911                           ;mainTrip.c: 74:             z = SSPBUF;
   912  00D1  1283               	bcf	3,5	;RP0=0, select bank0
   913  00D2  1303               	bcf	3,6	;RP1=0, select bank0
   914  00D3  0813               	movf	19,w	;volatile
   915  00D4  00F0               	movwf	??_isr
   916  00D5  0870               	movf	??_isr,w
   917  00D6  00F9               	movwf	_z
   918                           
   919                           ;mainTrip.c: 75:             BF = 0;
   920  00D7  1683               	bsf	3,5	;RP0=1, select bank1
   921  00D8  1303               	bcf	3,6	;RP1=0, select bank1
   922  00D9  1014               	bcf	20,0	;volatile
   923                           
   924                           ;mainTrip.c: 76:             SSPBUF = key;
   925  00DA  0878               	movf	_key,w
   926  00DB  1283               	bcf	3,5	;RP0=0, select bank0
   927  00DC  1303               	bcf	3,6	;RP1=0, select bank0
   928  00DD  0093               	movwf	19	;volatile
   929                           
   930                           ;mainTrip.c: 77:             PORTAbits.RA6 = 1;
   931  00DE  1705               	bsf	5,6	;volatile
   932                           
   933                           ;mainTrip.c: 78:             SSPCONbits.CKP = 1;
   934  00DF  1614               	bsf	20,4	;volatile
   935                           
   936                           ;mainTrip.c: 79:             _delay((unsigned long)((250)*(8000000/4000000.0)));
   937  00E0  30A6               	movlw	166
   938  00E1  00F0               	movwf	??_isr
   939  00E2                     u42_27:	
   940  00E2  0BF0               	decfsz	??_isr,f
   941  00E3  28E2               	goto	u42_27
   942  00E4  0000               	nop
   943  00E5                     i1l112:	
   944                           ;mainTrip.c: 80:             while(SSPSTATbits.BF);
   945                           
   946  00E5  1683               	bsf	3,5	;RP0=1, select bank1
   947  00E6  1303               	bcf	3,6	;RP1=0, select bank1
   948  00E7  1814               	btfsc	20,0	;volatile
   949  00E8  28E5               	goto	i1l112
   950  00E9                     i1l110:	
   951                           
   952                           ;mainTrip.c: 83:         PIR1bits.SSPIF = 0;
   953  00E9  1283               	bcf	3,5	;RP0=0, select bank0
   954  00EA  1303               	bcf	3,6	;RP1=0, select bank0
   955  00EB  118C               	bcf	12,3	;volatile
   956  00EC                     i1l115:	
   957  00EC  0872               	movf	??_isr+2,w
   958  00ED  008A               	movwf	10
   959  00EE  0E71               	swapf	(??_isr+1)^(0+4294967168),w
   960  00EF  0083               	movwf	3
   961  00F0  0EFE               	swapf	126,f
   962  00F1  0E7E               	swapf	126,w
   963  00F2  0009               	retfie
   964  00F3                     __end_of_isr:	
   965  007E                     btemp	set	126	;btemp
   966  007E                     wtemp0	set	126
   967                           
   968                           	psect	intentry
   969  0004                     __pintentry:	
   970                           ;incstack = 0
   971                           ; Regs used in _isr: [wreg]
   972                           
   973  0004                     interrupt_function:	
   974  007E                     saved_w	set	btemp
   975  0004  00FE               	movwf	btemp
   976  0005  0E03               	swapf	3,w
   977  0006  00F1               	movwf	??_isr+1
   978  0007  080A               	movf	10,w
   979  0008  00F2               	movwf	??_isr+2
   980  0009  120A  118A  28A1   	ljmp	_isr


Data Sizes:
    Strings     0
    Constant    0
    Data        0
    BSS         4
    Persistent  1
    Stack       0

Auto Spaces:
    Space          Size  Autos    Used
    COMMON           14      7      10
    BANK0            80      6       8
    BANK1            80      0       0
    BANK3            96      0       0
    BANK2            96      0       0

Pointer List with Targets:

    None.

Critical Paths under _main in COMMON

    _main->_full_drive
    _full_drive->_delay

Critical Paths under _isr in COMMON

    None.

Critical Paths under _main in BANK0

    _full_drive->_delay

Critical Paths under _isr in BANK0

    None.

Critical Paths under _main in BANK1

    None.

Critical Paths under _isr in BANK1

    None.

Critical Paths under _main in BANK3

    None.

Critical Paths under _isr in BANK3

    None.

Critical Paths under _main in BANK2

    None.

Critical Paths under _isr in BANK2

    None.

Call Graph Tables:

 ---------------------------------------------------------------------------------
 (Depth) Function   	        Calls       Base Space   Used Autos Params    Refs
 ---------------------------------------------------------------------------------
 (0) _main                                                 3     3      0    1166
                                              6 COMMON     1     1      0
                                              4 BANK0      2     2      0
                         _full_drive
                        _system_init
 ---------------------------------------------------------------------------------
 (1) _system_init                                          0     0      0       0
 ---------------------------------------------------------------------------------
 (1) _full_drive                                           1     1      0    1098
                                              5 COMMON     1     1      0
                              _delay
 ---------------------------------------------------------------------------------
 (2) _delay                                                6     4      2    1036
                                              3 COMMON     2     0      2
                                              0 BANK0      4     4      0
 ---------------------------------------------------------------------------------
 Estimated maximum stack depth 2
 ---------------------------------------------------------------------------------
 (Depth) Function   	        Calls       Base Space   Used Autos Params    Refs
 ---------------------------------------------------------------------------------
 (3) _isr                                                  3     3      0       0
                                              0 COMMON     3     3      0
 ---------------------------------------------------------------------------------
 Estimated maximum stack depth 3
 ---------------------------------------------------------------------------------

 Call Graph Graphs:

 _main (ROOT)
   _full_drive
     _delay
   _system_init

 _isr (ROOT)

 Address spaces:
Name               Size   Autos  Total    Cost      Usage
BITCOMMON            E      0       0       0        0.0%
EEDATA             100      0       0       0        0.0%
NULL                 0      0       0       0        0.0%
CODE                 0      0       0       0        0.0%
COMMON               E      7       A       1       71.4%
BITSFR0              0      0       0       1        0.0%
SFR0                 0      0       0       1        0.0%
BITSFR1              0      0       0       2        0.0%
SFR1                 0      0       0       2        0.0%
STACK                0      0       0       2        0.0%
ABS                  0      0      12       3        0.0%
BITBANK0            50      0       0       4        0.0%
BITSFR3              0      0       0       4        0.0%
SFR3                 0      0       0       4        0.0%
BANK0               50      6       8       5       10.0%
BITSFR2              0      0       0       5        0.0%
SFR2                 0      0       0       5        0.0%
BITBANK1            50      0       0       6        0.0%
BANK1               50      0       0       7        0.0%
BITBANK3            60      0       0       8        0.0%
BANK3               60      0       0       9        0.0%
BITBANK2            60      0       0      10        0.0%
BANK2               60      0       0      11        0.0%
DATA                 0      0      12      12        0.0%


Microchip Technology PIC Macro Assembler V2.05 build -831301201 
Symbol Table                                                                                   Thu Mar 07 08:42:09 2019

                       _z 0079               __CFG_CP$OFF 0000               _SSPSTATbits 0094  
                      _BF 04A0       __end_of_system_init 0161                       l137 0138  
                     _ADC 0077                       _GIE 005F                       u405 012B  
            __CFG_CPD$OFF 0000                       u365 013E                       _key 0078  
                     _isr 00A1                       _val 0026              __CFG_LVP$OFF 0000  
                    l1028 0142                      l1048 005E                      l1086 0114  
                    l1078 010F                      ?_isr 0070                      _PEIE 005E  
                    _RCEN 048B              __CFG_WRT$OFF 0000                      _cont 0027  
                    _main 00F3                      btemp 007E                      start 000C  
           __CFG_IESO$OFF 0000             __CFG_MCLRE$ON 0000                     ??_isr 0070  
                   ?_main 0070             __CFG_WDTE$OFF 0000                     _ANSEL 0188  
                   i1l110 00E9                     i1l112 00E5                     i1l106 00CE  
                   i1l107 00BE                     i1l115 00EC                     i1l960 00AA  
                   i1l968 00B1                     u41_27 00CA                     u42_27 00E2  
                   _PORTA 0005                     _PORTB 0006                     _TRISA 0085  
                   _TRISB 0086                     _SSPIE 0463                     _SSPIF 0063  
          __CFG_FCMEN$OFF 0000                     _delay 0134                     main@i 0024  
          __CFG_BOREN$OFF 0000                     pclath 000A                     status 0003  
                   wtemp0 007E           __initialization 000F               _system_init 0156  
            __end_of_main 0134                    ??_main 0076                    ?_delay 0073  
                  _ANSELH 0189                    _SSPADD 0093                    _TRISC3 043B  
                  _TRISC4 043C                    _SSPCON 0014                    _SSPBUF 0013  
          __CFG_PWRTE$OFF 0000                    delay@i 0020                    delay@j 0022  
                  saved_w 007E   __end_of__initialization 0015       full_drive@direction 0075  
          __pcstackCOMMON 0070             __end_of_delay 0156                   ??_delay 0075  
              __pbssBANK0 0027                __pmaintext 00F3                __pintentry 0004  
                 _SSPCON2 0091                   _SSPSTAT 0094              ?_system_init 0070  
              _full_drive 0019                   __ptext1 0156                   __ptext2 0019  
                 __ptext3 0134                   __ptext4 00A1              __size_of_isr 0052  
    end_of_initialization 0015                 _PORTAbits 0005               ?_full_drive 0070  
     start_initialization 000F               __end_of_isr 00F3  __CFG_FOSC$INTRC_NOCLKOUT 0000  
    __size_of_system_init 000B               __pbssCOMMON 0077                 ___latbits 0002  
           __pcstackBANK0 0020       __size_of_full_drive 0088                 __pnvBANK0 0026  
          __size_of_delay 0022         interrupt_function 0004                  _PIR1bits 000C  
            ??_full_drive 0075         __CFG_BOR4V$BOR40V 0000             __size_of_main 0041  
      __end_of_full_drive 00A1                  delay@val 0073                  intlevel1 0000  
              _OSCCONbits 008F             ??_system_init 0073               _SSPCON2bits 0091  
              _SSPCONbits 0014  
